# JRE version: OpenJDK Runtime Environment Temurin-17.0.12+7 (17.0.12+7) (build 17.0.12+7)
# Java VM: OpenJDK 64-Bit Server VM Temurin-17.0.12+7 (17.0.12+7, mixed mode, tiered, compressed oops, compressed class ptrs, parallel gc, windows-amd64)
GC Precious Log:
 CPUs: 4 total, 4 available
 Memory: 8072M
 Large Page Support: Disabled
 NUMA Support: Disabled
 Compressed Oops: Enabled (32-bit)
 Alignments: Space 512K, Generation 512K, Heap 2M
 Heap Min Capacity: 100M
 Heap Initial Capacity: 100M
 Heap Max Capacity: 1G
 Pre-touch: Disabled
 Parallel Workers: 4
Heap:
 PSYoungGen      total 21504K, used 14175K [0x00000000eab00000, 0x00000000ec180000, 0x0000000100000000)
  eden space 19968K, 63% used [0x00000000eab00000,0x00000000eb75c158,0x00000000ebe80000)
  from space 1536K, 98% used [0x00000000ebe80000,0x00000000ebffbac0,0x00000000ec000000)
  to   space 1024K, 0% used [0x00000000ec080000,0x00000000ec080000,0x00000000ec180000)
 ParOldGen       total 68608K, used 30358K [0x00000000c0000000, 0x00000000c4300000, 0x00000000eab00000)
  object space 68608K, 44% used [0x00000000c0000000,0x00000000c1da5808,0x00000000c4300000)
 Metaspace       used 48406K, committed 49152K, reserved 1114112K
  class space    used 4880K, committed 5248K, reserved 1048576K
GC Heap History (20 events):
Event: 5.511 GC heap before
{Heap before GC invocations=16 (full 2):
 PSYoungGen      total 24064K, used 23680K [0x00000000eab00000, 0x00000000ec600000, 0x0000000100000000)
  eden space 22016K, 100% used [0x00000000eab00000,0x00000000ec080000,0x00000000ec080000)
  from space 2048K, 81% used [0x00000000ec180000,0x00000000ec320020,0x00000000ec380000)
  to   space 2048K, 0% used [0x00000000ec400000,0x00000000ec400000,0x00000000ec600000)
 ParOldGen       total 68608K, used 18451K [0x00000000c0000000, 0x00000000c4300000, 0x00000000eab00000)
  object space 68608K, 26% used [0x00000000c0000000,0x00000000c1204f70,0x00000000c4300000)
 Metaspace       used 40011K, committed 40768K, reserved 1114112K
  class space    used 4065K, committed 4416K, reserved 1048576K
}
Event: 5.516 GC heap after
{Heap after GC invocations=16 (full 2):
 PSYoungGen      total 24064K, used 1856K [0x00000000eab00000, 0x00000000ec600000, 0x0000000100000000)
  eden space 22016K, 0% used [0x00000000eab00000,0x00000000eab00000,0x00000000ec080000)
  from space 2048K, 90% used [0x00000000ec400000,0x00000000ec5d0010,0x00000000ec600000)
  to   space 2048K, 0% used [0x00000000ec180000,0x00000000ec180000,0x00000000ec380000)
 ParOldGen       total 68608K, used 20075K [0x00000000c0000000, 0x00000000c4300000, 0x00000000eab00000)
  object space 68608K, 29% used [0x00000000c0000000,0x00000000c139af90,0x00000000c4300000)
 Metaspace       used 40011K, committed 40768K, reserved 1114112K
  class space    used 4065K, committed 4416K, reserved 1048576K
}
Event: 5.642 GC heap before
{Heap before GC invocations=17 (full 2):
 PSYoungGen      total 24064K, used 23872K [0x00000000eab00000, 0x00000000ec600000, 0x0000000100000000)
  eden space 22016K, 100% used [0x00000000eab00000,0x00000000ec080000,0x00000000ec080000)
  from space 2048K, 90% used [0x00000000ec400000,0x00000000ec5d0010,0x00000000ec600000)
  to   space 2048K, 0% used [0x00000000ec180000,0x00000000ec180000,0x00000000ec380000)
 ParOldGen       total 68608K, used 20075K [0x00000000c0000000, 0x00000000c4300000, 0x00000000eab00000)
  object space 68608K, 29% used [0x00000000c0000000,0x00000000c139af90,0x00000000c4300000)
 Metaspace       used 40958K, committed 41664K, reserved 1114112K
  class space    used 4151K, committed 4480K, reserved 1048576K
}
Event: 5.647 GC heap after
{Heap after GC invocations=17 (full 2):
 PSYoungGen      total 24064K, used 1856K [0x00000000eab00000, 0x00000000ec480000, 0x0000000100000000)
  eden space 22016K, 0% used [0x00000000eab00000,0x00000000eab00000,0x00000000ec080000)
  from space 2048K, 90% used [0x00000000ec180000,0x00000000ec350000,0x00000000ec380000)
  to   space 1024K, 0% used [0x00000000ec380000,0x00000000ec380000,0x00000000ec480000)
 ParOldGen       total 68608K, used 21627K [0x00000000c0000000, 0x00000000c4300000, 0x00000000eab00000)
  object space 68608K, 31% used [0x00000000c0000000,0x00000000c151efa0,0x00000000c4300000)
 Metaspace       used 40958K, committed 41664K, reserved 1114112K
  class space    used 4151K, committed 4480K, reserved 1048576K
}
Event: 5.713 GC heap before
{Heap before GC invocations=18 (full 2):
 PSYoungGen      total 24064K, used 23872K [0x00000000eab00000, 0x00000000ec480000, 0x0000000100000000)
  eden space 22016K, 100% used [0x00000000eab00000,0x00000000ec080000,0x00000000ec080000)
  from space 2048K, 90% used [0x00000000ec180000,0x00000000ec350000,0x00000000ec380000)
  to   space 1024K, 0% used [0x00000000ec380000,0x00000000ec380000,0x00000000ec480000)
 ParOldGen       total 68608K, used 21627K [0x00000000c0000000, 0x00000000c4300000, 0x00000000eab00000)
  object space 68608K, 31% used [0x00000000c0000000,0x00000000c151efa0,0x00000000c4300000)
 Metaspace       used 41112K, committed 41856K, reserved 1114112K
  class space    used 4161K, committed 4480K, reserved 1048576K
}
Event: 5.721 GC heap after
{Heap after GC invocations=18 (full 2):
 PSYoungGen      total 20992K, used 992K [0x00000000eab00000, 0x00000000eca80000, 0x0000000100000000)
  eden space 19968K, 0% used [0x00000000eab00000,0x00000000eab00000,0x00000000ebe80000)
  from space 1024K, 96% used [0x00000000ec380000,0x00000000ec478010,0x00000000ec480000)
  to   space 5120K, 0% used [0x00000000ebe80000,0x00000000ebe80000,0x00000000ec380000)
 ParOldGen       total 68608K, used 24848K [0x00000000c0000000, 0x00000000c4300000, 0x00000000eab00000)
  object space 68608K, 36% used [0x00000000c0000000,0x00000000c18443f0,0x00000000c4300000)
 Metaspace       used 41112K, committed 41856K, reserved 1114112K
  class space    used 4161K, committed 4480K, reserved 1048576K
}
Event: 5.763 GC heap before
{Heap before GC invocations=19 (full 2):
 PSYoungGen      total 20992K, used 20960K [0x00000000eab00000, 0x00000000eca80000, 0x0000000100000000)
  eden space 19968K, 100% used [0x00000000eab00000,0x00000000ebe80000,0x00000000ebe80000)
  from space 1024K, 96% used [0x00000000ec380000,0x00000000ec478010,0x00000000ec480000)
  to   space 5120K, 0% used [0x00000000ebe80000,0x00000000ebe80000,0x00000000ec380000)
 ParOldGen       total 68608K, used 24848K [0x00000000c0000000, 0x00000000c4300000, 0x00000000eab00000)
  object space 68608K, 36% used [0x00000000c0000000,0x00000000c18443f0,0x00000000c4300000)
 Metaspace       used 41202K, committed 41984K, reserved 1114112K
  class space    used 4175K, committed 4544K, reserved 1048576K
}
Event: 5.769 GC heap after
{Heap after GC invocations=19 (full 2):
 PSYoungGen      total 21504K, used 1504K [0x00000000eab00000, 0x00000000ec400000, 0x0000000100000000)
  eden space 19968K, 0% used [0x00000000eab00000,0x00000000eab00000,0x00000000ebe80000)
  from space 1536K, 97% used [0x00000000ebe80000,0x00000000ebff8000,0x00000000ec000000)
  to   space 2560K, 0% used [0x00000000ec180000,0x00000000ec180000,0x00000000ec400000)
 ParOldGen       total 68608K, used 25857K [0x00000000c0000000, 0x00000000c4300000, 0x00000000eab00000)
  object space 68608K, 37% used [0x00000000c0000000,0x00000000c1940400,0x00000000c4300000)
 Metaspace       used 41202K, committed 41984K, reserved 1114112K
  class space    used 4175K, committed 4544K, reserved 1048576K
}
Event: 5.944 GC heap before
{Heap before GC invocations=20 (full 2):
 PSYoungGen      total 21504K, used 21467K [0x00000000eab00000, 0x00000000ec400000, 0x0000000100000000)
  eden space 19968K, 99% used [0x00000000eab00000,0x00000000ebe7ef60,0x00000000ebe80000)
  from space 1536K, 97% used [0x00000000ebe80000,0x00000000ebff8000,0x00000000ec000000)
  to   space 2560K, 0% used [0x00000000ec180000,0x00000000ec180000,0x00000000ec400000)
 ParOldGen       total 68608K, used 25857K [0x00000000c0000000, 0x00000000c4300000, 0x00000000eab00000)
  object space 68608K, 37% used [0x00000000c0000000,0x00000000c1940400,0x00000000c4300000)
 Metaspace       used 42199K, committed 42944K, reserved 1114112K
  class space    used 4281K, committed 4608K, reserved 1048576K
}
Event: 5.947 GC heap after
{Heap after GC invocations=20 (full 2):
 PSYoungGen      total 20992K, used 786K [0x00000000eab00000, 0x00000000ec280000, 0x0000000100000000)
  eden space 19968K, 0% used [0x00000000eab00000,0x00000000eab00000,0x00000000ebe80000)
  from space 1024K, 76% used [0x00000000ec180000,0x00000000ec244be8,0x00000000ec280000)
  to   space 1536K, 0% used [0x00000000ebf80000,0x00000000ebf80000,0x00000000ec100000)
 ParOldGen       total 68608K, used 27289K [0x00000000c0000000, 0x00000000c4300000, 0x00000000eab00000)
  object space 68608K, 39% used [0x00000000c0000000,0x00000000c1aa6400,0x00000000c4300000)
 Metaspace       used 42199K, committed 42944K, reserved 1114112K
  class space    used 4281K, committed 4608K, reserved 1048576K
}
Event: 6.328 GC heap before
{Heap before GC invocations=21 (full 2):
 PSYoungGen      total 20992K, used 20754K [0x00000000eab00000, 0x00000000ec280000, 0x0000000100000000)
  eden space 19968K, 100% used [0x00000000eab00000,0x00000000ebe80000,0x00000000ebe80000)
  from space 1024K, 76% used [0x00000000ec180000,0x00000000ec244be8,0x00000000ec280000)
  to   space 1536K, 0% used [0x00000000ebf80000,0x00000000ebf80000,0x00000000ec100000)
 ParOldGen       total 68608K, used 27289K [0x00000000c0000000, 0x00000000c4300000, 0x00000000eab00000)
  object space 68608K, 39% used [0x00000000c0000000,0x00000000c1aa6400,0x00000000c4300000)
 Metaspace       used 43721K, committed 44480K, reserved 1114112K
  class space    used 4415K, committed 4736K, reserved 1048576K
}
Event: 6.331 GC heap after
{Heap after GC invocations=21 (full 2):
 PSYoungGen      total 21504K, used 544K [0x00000000eab00000, 0x00000000ec200000, 0x0000000100000000)
  eden space 19968K, 0% used [0x00000000eab00000,0x00000000eab00000,0x00000000ebe80000)
  from space 1536K, 35% used [0x00000000ebf80000,0x00000000ec008000,0x00000000ec100000)
  to   space 1024K, 0% used [0x00000000ec100000,0x00000000ec100000,0x00000000ec200000)
 ParOldGen       total 68608K, used 28006K [0x00000000c0000000, 0x00000000c4300000, 0x00000000eab00000)
  object space 68608K, 40% used [0x00000000c0000000,0x00000000c1b59900,0x00000000c4300000)
 Metaspace       used 43721K, committed 44480K, reserved 1114112K
  class space    used 4415K, committed 4736K, reserved 1048576K
}
Event: 6.455 GC heap before
{Heap before GC invocations=22 (full 2):
 PSYoungGen      total 21504K, used 20512K [0x00000000eab00000, 0x00000000ec200000, 0x0000000100000000)
  eden space 19968K, 100% used [0x00000000eab00000,0x00000000ebe80000,0x00000000ebe80000)
  from space 1536K, 35% used [0x00000000ebf80000,0x00000000ec008000,0x00000000ec100000)
  to   space 1024K, 0% used [0x00000000ec100000,0x00000000ec100000,0x00000000ec200000)
 ParOldGen       total 68608K, used 28006K [0x00000000c0000000, 0x00000000c4300000, 0x00000000eab00000)
  object space 68608K, 40% used [0x00000000c0000000,0x00000000c1b59900,0x00000000c4300000)
 Metaspace       used 43967K, committed 44672K, reserved 1114112K
  class space    used 4436K, committed 4736K, reserved 1048576K
}
Event: 6.458 GC heap after
{Heap after GC invocations=22 (full 2):
 PSYoungGen      total 20992K, used 1004K [0x00000000eab00000, 0x00000000ec280000, 0x0000000100000000)
  eden space 19968K, 0% used [0x00000000eab00000,0x00000000eab00000,0x00000000ebe80000)
  from space 1024K, 98% used [0x00000000ec100000,0x00000000ec1fb2b0,0x00000000ec200000)
  to   space 2048K, 0% used [0x00000000ebe80000,0x00000000ebe80000,0x00000000ec080000)
 ParOldGen       total 68608K, used 28704K [0x00000000c0000000, 0x00000000c4300000, 0x00000000eab00000)
  object space 68608K, 41% used [0x00000000c0000000,0x00000000c1c081c8,0x00000000c4300000)
 Metaspace       used 43967K, committed 44672K, reserved 1114112K
  class space    used 4436K, committed 4736K, reserved 1048576K
}
Event: 6.549 GC heap before
{Heap before GC invocations=23 (full 2):
 PSYoungGen      total 20992K, used 20972K [0x00000000eab00000, 0x00000000ec280000, 0x0000000100000000)
  eden space 19968K, 100% used [0x00000000eab00000,0x00000000ebe80000,0x00000000ebe80000)
  from space 1024K, 98% used [0x00000000ec100000,0x00000000ec1fb2b0,0x00000000ec200000)
  to   space 2048K, 0% used [0x00000000ebe80000,0x00000000ebe80000,0x00000000ec080000)
 ParOldGen       total 68608K, used 28704K [0x00000000c0000000, 0x00000000c4300000, 0x00000000eab00000)
  object space 68608K, 41% used [0x00000000c0000000,0x00000000c1c081c8,0x00000000c4300000)
 Metaspace       used 44666K, committed 45376K, reserved 1114112K
  class space    used 4501K, committed 4800K, reserved 1048576K
}
Event: 6.551 GC heap after
{Heap after GC invocations=23 (full 2):
 PSYoungGen      total 22016K, used 160K [0x00000000eab00000, 0x00000000ec180000, 0x0000000100000000)
  eden space 19968K, 0% used [0x00000000eab00000,0x00000000eab00000,0x00000000ebe80000)
  from space 2048K, 7% used [0x00000000ebe80000,0x00000000ebea8000,0x00000000ec080000)
  to   space 1024K, 0% used [0x00000000ec080000,0x00000000ec080000,0x00000000ec180000)
 ParOldGen       total 68608K, used 28896K [0x00000000c0000000, 0x00000000c4300000, 0x00000000eab00000)
  object space 68608K, 42% used [0x00000000c0000000,0x00000000c1c381c8,0x00000000c4300000)
 Metaspace       used 44666K, committed 45376K, reserved 1114112K
  class space    used 4501K, committed 4800K, reserved 1048576K
}
Event: 7.005 GC heap before
{Heap before GC invocations=24 (full 2):
 PSYoungGen      total 22016K, used 20128K [0x00000000eab00000, 0x00000000ec180000, 0x0000000100000000)
  eden space 19968K, 100% used [0x00000000eab00000,0x00000000ebe80000,0x00000000ebe80000)
  from space 2048K, 7% used [0x00000000ebe80000,0x00000000ebea8000,0x00000000ec080000)
  to   space 1024K, 0% used [0x00000000ec080000,0x00000000ec080000,0x00000000ec180000)
 ParOldGen       total 68608K, used 28896K [0x00000000c0000000, 0x00000000c4300000, 0x00000000eab00000)
  object space 68608K, 42% used [0x00000000c0000000,0x00000000c1c381c8,0x00000000c4300000)
 Metaspace       used 46493K, committed 47296K, reserved 1114112K
  class space    used 4715K, committed 5120K, reserved 1048576K
}
Event: 7.009 GC heap after
{Heap after GC invocations=24 (full 2):
 PSYoungGen      total 20992K, used 1000K [0x00000000eab00000, 0x00000000ec180000, 0x0000000100000000)
  eden space 19968K, 0% used [0x00000000eab00000,0x00000000eab00000,0x00000000ebe80000)
  from space 1024K, 97% used [0x00000000ec080000,0x00000000ec17a0b0,0x00000000ec180000)
  to   space 1536K, 0% used [0x00000000ebe80000,0x00000000ebe80000,0x00000000ec000000)
 ParOldGen       total 68608K, used 29180K [0x00000000c0000000, 0x00000000c4300000, 0x00000000eab00000)
  object space 68608K, 42% used [0x00000000c0000000,0x00000000c1c7f278,0x00000000c4300000)
 Metaspace       used 46493K, committed 47296K, reserved 1114112K
  class space    used 4715K, committed 5120K, reserved 1048576K
}
Event: 7.691 GC heap before
{Heap before GC invocations=25 (full 2):
 PSYoungGen      total 20992K, used 20968K [0x00000000eab00000, 0x00000000ec180000, 0x0000000100000000)
  eden space 19968K, 100% used [0x00000000eab00000,0x00000000ebe80000,0x00000000ebe80000)
  from space 1024K, 97% used [0x00000000ec080000,0x00000000ec17a0b0,0x00000000ec180000)
  to   space 1536K, 0% used [0x00000000ebe80000,0x00000000ebe80000,0x00000000ec000000)
 ParOldGen       total 68608K, used 29180K [0x00000000c0000000, 0x00000000c4300000, 0x00000000eab00000)
  object space 68608K, 42% used [0x00000000c0000000,0x00000000c1c7f278,0x00000000c4300000)
 Metaspace       used 48307K, committed 49088K, reserved 1114112K
  class space    used 4879K, committed 5248K, reserved 1048576K
}
Event: 7.697 GC heap after
{Heap after GC invocations=25 (full 2):
 PSYoungGen      total 21504K, used 1518K [0x00000000eab00000, 0x00000000ec180000, 0x0000000100000000)
  eden space 19968K, 0% used [0x00000000eab00000,0x00000000eab00000,0x00000000ebe80000)
  from space 1536K, 98% used [0x00000000ebe80000,0x00000000ebffbac0,0x00000000ec000000)
  to   space 1024K, 0% used [0x00000000ec080000,0x00000000ec080000,0x00000000ec180000)
 ParOldGen       total 68608K, used 30358K [0x00000000c0000000, 0x00000000c4300000, 0x00000000eab00000)
  object space 68608K, 44% used [0x00000000c0000000,0x00000000c1da5808,0x00000000c4300000)
 Metaspace       used 48307K, committed 49088K, reserved 1114112K
  class space    used 4879K, committed 5248K, reserved 1048576K
}

